********************************************************************************************************************************************************************************************************
********************************************************************************************************************************************************************************************************
********************************************************************************************************************************************************************************************************
********************************************************************************************************************************************************************************************************
********************************************************************************************************************************************************************************************************
********************************************************************************************************************************************************************************************************
********************************************************************************************************************************************************************************************************
********************************************************************************************************************************************************************************************************
********************************************************************************************************************************************************************************************************
********************************************************************************************************************************************************************************************************
********************************************************************************************************************************************************************************************************
********************************************************************************************************************************************************************************************************
********************************************************************************************************************************************************************************************************
********************************************************************************************************************************************************************************************************
********************************************************************************************************************************************************************************************************
********************************************************************************************************************************************************************************************************
********************************************************************************************************************************************************************************************************
********************************************************************************************************************************************************************************************************
********************************************************************************************************************************************************************************************************
******************************************************************************************************************************************BBBB**********************************************************
******************************************************************************************************************************************BBBB**********************************************************
******************************************************************************************************************************************BBBB**********************************************************
******************************************************************************************************************************************BBBB**********************************************************
**********************************************************************************************************************************########........###########*******************************************
*********************************************************************************************************************************##.........................##******************************************
*******************************************************************************************************************BBBB********##.............................##****************************************
*******************************************************************************************************************BBBB*********##...........................##*****************************************
*******************************************************************************************************************BBBB*********##............................BBBB**************************************
*******************************************************************************************************************BBBB********##.............................BBBB**************************************
******************************************************************BBBB***************************************##...............................................BBBB**************************************
******************************************************************BBBB***************************************##...............................................BBBB**************************************
***************************************************************.*.BBBB********************.*****************##................................................##****************************************
***************************************************************...BBBB********************....**.*.**********###.............................................##*****************************************
***************************************************************##.......*..********...***.....**...###*******#####............................................##****************************************
*************************************************************##...........********..**........**.##################..........................................##*****************************************
***************************************************************#######.............................................#####......###########....##########.....##******************************************
********************************************************************################...............................##...#....###......###....#.......##.....##******************************************
******************************************************************************####.................................##...#....##........##....#.......##.....##******************************************
*****************************************************************************#####.................................##...#....#..........#....#.......##....##*******************************************
**************************************************************************###......................................##...#....#..........#....#.......##.....##******************************************
************************************************************************##.........................................##...#....#..........#....#.......##......##*****************************************
********************************************************************####...........................................##...#....#..........#....#.......##.........##**************************************
**************************************************************######...............................................##...#....#..........#....#.......##............##***********************************
**********************************************************##########......#########################................##...#....#..........#....#.......##.............##**********************************
******************************************************###########...#....###......###....#.......##................##...#....#..........#....#.......##..............##*********************************
**************************************************.............##...#....##........##....#.......##................##...#....#..........#....#.......##..............##*********************************
*************************************************..............##...#....#..........#....#.......##................##...#....#..........#....#.......##...............##********************************
***********************************************................##...#....#..........#....#.......##................##...#....#..........#....#.......##.................##******************************
***********************************************................##...#....#..........#....#.......##................##...#....#..........#....#.......##.................##******************************
****************************************BBBB***................##...#....#..........#....#.......##................##...#....#..........#....#.......##.................##******************************
****************************************BBBB***................##...#....#..........#....#.......##...........................................#......##................##*******************************
****************************************BBBB*..................##...#....#..........#....#.......##.........................#..........#.......#.....##................##*******************************
****************************************BBBB*..................##...#....#..........#....#.......##................##.......#..........#........#....##................##*******************************
**********************************#####........................##...#....#..........#....#.......##................##.......#..........#.........#...##................##*******************************
*******************************###.............................##...#....#..........#....#.......##................##.......#..........#...............................##*******************************
*******************************##..............................##...#....#..........#....#.......##................##.......#..........#................................##******************************
*******************************#...............................##...#....#..........#....#.......##................##.......#..........#.............##..................##*****************************
*******************************#...............................##...#....#..........#....#.......##................##.......#..........#.............##...................##****************************
********************************########...........................................................................##.......#..........#.............##.....................##**************************
***************************##...........................................#..........#...............................##.......#..........#.............##.....................##**************************
***************************#...................................##.......#..........#.............##................##.......#..........#.............##.....................##**************************
****************************###########........................##.......#..........#.............##................##.......#..........#.............##...................##****************************
**********************************##...........................##.......#..........#.............##................##.......#..........#.............##......................##*************************
***********************************##..........................##.......#..........#.............##................##.......#..........#.............##.....................##**************************
***********************************##..........................##.......#..........#.............##................##.......#..........#.............##......................##*************************
***********************************#...........................##.......#..........#.............##................##........##......##..............##.......................##************************
***********************************#...........................##.......#..........#.............##................##..........#....#................##.......................##************************
***********************************#...........................##.......#..........#.............##................#############....###################........................##***********************
***********************************#...........................##.......#..........#.............##................#############....###################........................##***********############
*******************************#####...........................##.......#..........#.............##.................................................###.........................##**********#..........#
****************************###.........................................#..........#................................................................###...........................##********#....A.....#
***************************#............................................#..........#................................................................###.............................####****#..........#
*****************************#.................................##.......#..........#.............##.................................................###..............................########....A.....#
*************************########..............................##........##......##..............##....................................................................................................#
************************#......................................##..........#....#................##..............................................................................................A.....#
*************************###...................................#############....###################....................................................................................................#
****************************#..................................#############....###################.............................................................................############...........#
***************************#.......................................................................####################################################.........................##******#####....A.....#
****************************###..................................................................##.................................................###........................##**********##..........#
******************************..................................................................##..................................................###........................##***********#..........#
*****************************.......##########....##############################################....................................................###.......................##************############
*****************************.......##..............................................................................................................###......................##*************************
***********************.............##..............................................................................................................###...................##****************************
********************................##..............................................................................................................###...................##****************************
********************................##..............................................................................................................###...................##****************************
**************************..........##############################################.............#...................#................#...............###...................##****************************
*****************************.......##.........................................................#...................#................#...............###................##*******************************
*****************************..................................................................#...................#................#...............###..............##*********************************
*****************************..................................................................#...................#................#...............###..............##*********************************
*****************************.......##.........................................................#...................#................#...............###...............##********************************
*****************************.......##.........................................................#...................#................#...............###...............##********************************
***************************.........##############################################.............#...................#................#...............###...............##********************************
****************************........##.........................................................#...................#................#...............###................##*******************************
****************************........##.........................................................#...................#................#...............###.................##******************************
****************************........##.........................................................#...................#................#...............###................##*******************************
*************************...........##.........................................................#...................#................#...............###.................##******************************
*************************...........##.........................................................#...................#................#...............###..................##*****************************
***************************.........##.........................................................#...................#................#...............###.....................##**************************
***************************.........##############################################.............#...................#................#...............###.....................##**************************
****************************........##.........................................................#...................#................#...............###.......................##************************
***************************.........##.........................................................#...................#................#...............###.......................##************************
*************************...........##.............................................................................#................#...............###.......................##************************
*************************...........##.............................................................................#................#...............###.......................##************************
***********************.............##.........................................................#...................#................#...............###.......................##************************
***********************.............##.........................................................#...................#................#...............###......................##*************############
************************............##############################################.............#...................#................#...............###......................##*************#..........#
***********************.............##.........................................................#...................#................#...............###....................##***************#....A.....#
**********************.........................................................................#...................#................#...............###...................##****************#..........#
**********************.........................................................................#...................#................#...............###...................##****************#..........#
******************##................##.........................................................#...................#................#...............###....................##**************##....A.....#
******************##................##.........................................................#...................#................#...............###....................##*************###..........#
**************##....................##.........................................................#...................#................#...............###...................##*************####..........#
*************##.....................##.........................................................#...................#................#...............###...................###################....A.....#
***********##.......................#################################################..........#...................#................#..................................................................#
***********##.......................##.........................................................#...................#................#..................................................................#
***********##.......................##.........................................................#...................#................#............................................................A.....#
************##......................##.........................................................#...................#................#..................................................................#
************##......##..............##.........................................................#...................#................#...............#########################################..........#
************#......####.............##.........................................................#...................#................#...............#######*********************************#....A.....#
***********##......####.............##.........................................................#...................#................#...............###..##*********************************#..........#
************##....##**##............##.........................................................#...................#................#...............###...##********************************#..........#
************##...##****##...........##################################################.........#...................#................#...............###....####*****************************#....A.....#
************#...##****##............##.........................................................#...................#................#...............###........##***************************############
************BBBB*******##...........##.........................................................#...................#................#...............###.......####**************************************
************BBBB********##..........##.........................................................#...................#................#...............###...........##************************************
************BBBB*********##.........##.........................................................#...................#................#...............###............######*******************************
************BBBB************##......##................................................#################################################################.................##******************************
***************************##.......##................................................#..................................................................................##*****************************
***************************##.......##................................................#.................................................................................##******************************
*****************************##.....##................................................#..................................................................................##*****************************
*****************************##.....##................................................#..................................................................................##*****************************
*******************************##...###################################################...................................................................................##****************************
*******************************##.........................................................................................................................................##****************************
******************************###.........................................................................................................................................##****************************
*******************************##........................................................................................................................................##*****************************
***************************######..........................................................................................................................................##***************************
**************************#########...###########....##############..........##################################..........########......######################....#############**************************
************************##########.....############......##########......#########..........................#####......##########......#########............................##**************************
************************####..................##...#....###......###....#.......##..........................##...#....###......###....#.......##...........................##***************************
**********************####....................##...#....##........##....#.......##..........................##...#....##........##....#.......##...........................##***************************
**********************####....................##...#....#..........#....#.......##..........................##...#....#..........#....#.......##..........................##****************************
************************##....................##...#....#..........#....#.......##..........................##...#....#..........#....#.......##..........................##****************************
************************##....................##...#....#..........#....#.......##..........................##...#....#..........#....#.......##..........................##****************************
***********************##.....................##...#....#..........#....#.......##..........................##...#....#..........#....#.......##..........................##****************************
*************************##...................##...#....#..........#....#.......##..........................##...#....#..........#....#.......##..........................##****************************
*************************.....................##...#....#..........#....#.......##..........................##...#....#..........#....#.......##..........................##****************************
*************************.....................##...#....#..........#....#.......##..........................##...#....#..........#....#.......##..........................##****************************
*************************.....................##...#....#..........#....#.......##..........................##...#....#..........#....#.......##.........................##*****************************
**************************....................##...#....#..........#....#.......##..........................##...#....#..........#....#.......##..........................##****************************
************************......................##...#....#..........#....#.......##..........................##...#....#..........#....#.......##..........................##****************************
**********************........................##...#....#..........#....#.......##..........................##...#....#..........#....#.......##..........................##****************************
*******************...........................##...#....#..........#....#.......##..........................##...#....#..........#....#.......##........................##******************************
*****************.............................##................................##..........................##................................##..........................##****************************
*****************.............................##.......#..........#.............##..........................##.......#..........#.............##..........................##****************************
***************...............................##.......#..........#.............##..........................##.......#..........#.............##..........................##****************************
***************...............................##.......#..........#.............##..........................##.......#..........#.............##.......................##*******************************
**************................................##.......#..........#.............##..........................##.......#..........#.............##.........................##*****************************
**************................................##.......#..........#.............##..........................##.......#..........#.............##.......................##*******************************
**************................................##.......#..........#.............##..........................##.......#..........#.............##......................##********************************
***************...............................##.......#..........#.............##..........................##.......#..........#.............##.......................##*******************************
***************...............................##.......#..........#.............##..........................##.......#..........#.............##......................##********************************
******************............................##.......#..........#.............##..........................##.......#..........#.............##....................##**********************************
**************................................##.......#..........#.............##..........................##.......#..........#.............##....................##**********************************
***************...............................##.......#..........#.............##..........................##.......#..........#.............##...................##***********************************
****************..............................##.......#..........#.............##..........................##.......#..........#.............##..................##************************************
******************............................##.......#..........#.............##..........................##.......#..........#.............##.................##*************************************
********************..........................##.......#..........#.............##..........................##.......#..........#.............##..............##****************************************
**********************..................................##......##..........................................##........##......##..............##..............##****************************************
************************..................................#....#............................................##..........#....#................##..............##****************************************
*************************.......................##########......##################..........................#############....###################................##**************************************
***************************................##############........#################..........................#############....###################................##**************************************
**************************....#######################..............########...................................................................................##****************************************
*************************BBBB******************##.................#########.....................................................................................##**************************************
*************************BBBB******************##..................###***###..................................................................................##****************************************
*************************BBBB********************###.............###*******#############......................................................................##****************************************
*************************BBBB***********************##..........###********************###..................####################################..............##****************************************
*****************************************************##.......####**********************###..............####***********************************##............##****************************************
*******************************************************#....##***************************##.....#########*****************************************##...........#****************************************
********************************************************BBBB*******************************BBBB*****************************************************#.*****BBBB*****************************************
********************************************************BBBB*******************************BBBB************************************************************BBBB*****************************************
********************************************************BBBB*******************************BBBB************************************************************BBBB*****************************************
********************************************************BBBB*******************************BBBB************************************************************BBBB*****************************************
********************************************************************************************************************************************************************************************************
********************************************************************************************************************************************************************************************************
********************************************************************************************************************************************************************************************************
********************************************************************************************************************************************************************************************************
********************************************************************************************************************************************************************************************************
********************************************************************************************************************************************************************************************************
********************************************************************************************************************************************************************************************************
********************************************************************************************************************************************************************************************************
********************************************************************************************************************************************************************************************************
********************************************************************************************************************************************************************************************************
********************************************************************************************************************************************************************************************************
********************************************************************************************************************************************************************************************************
********************************************************************************************************************************************************************************************************
********************************************************************************************************************************************************************************************************
********************************************************************************************************************************************************************************************************
********************************************************************************************************************************************************************************************************
********************************************************************************************************************************************************************************************************
********************************************************************************************************************************************************************************************************
0 19 138 800 1
1 25 115 1102 2
2 27 158 1013 1
3 29 66 818 3
4 49 40 1072 3
5 123 12 953 2
6 172 25 1133 1
7 178 56 821 2
8 178 91 1069 1
9 178 155 1219 1
71
OK
1 0
5
137 117 187
169 105 19
130 83 141
147 65 127
73 49 197
0 70 193 1
0 72 193 1
0 74 193 1
0 77 193 1
0 106 193 1
0 109 193 1
0 112 193 1
0 115 193 1
0 118 193 1
0 121 193 1
1 -1
1 -1
1 -1
1 -1
1 -1
OK
3 0
0
0 70 192 1
0 72 192 1
0 74 192 1
0 77 192 1
0 106 192 1
0 109 193 1
0 112 193 1
0 115 193 1
0 118 193 1
0 121 193 1
0 1
0 6
0 2
0 3
0 7
OK
5 0
2
54 87 190
54 71 190
0 70 191 1
0 72 191 1
0 74 191 1
0 77 191 1
0 106 191 1
0 109 193 1
0 112 193 1
0 115 193 1
0 118 193 1
0 121 193 1
0 1
0 6
0 2
0 3
0 7
OK
7 0
1
103 63 190
0 70 190 1
0 72 190 1
0 74 190 1
0 77 190 1
0 106 190 1
0 109 192 1
0 112 192 1
0 115 193 1
0 118 193 1
0 121 193 1
0 1
0 6
0 2
0 3
0 7
OK
9 0
0
0 70 189 1
0 72 189 1
0 74 189 1
0 77 189 1
0 106 189 1
0 109 191 1
0 112 191 1
0 115 192 1
0 118 193 1
0 121 193 1
0 1
0 6
0 2
0 3
0 7
OK
11 0
2
152 154 182
125 147 200
0 70 190 1
0 73 189 1
0 74 188 1
0 76 189 1
0 107 189 1
0 109 190 1
0 112 190 1
0 115 191 1
0 118 193 1
0 121 193 1
0 1
0 6
0 2
0 3
0 7
OK
12 0
0
0 70 189 1
0 73 188 1
0 74 187 1
0 76 188 1
0 108 189 1
0 110 190 1
0 112 189 1
0 115 190 1
0 118 192 1
0 121 192 1
0 1
0 6
0 2
0 3
0 7
OK
13 0
0
0 71 189 1
0 73 187 1
0 74 186 1
0 75 188 1
0 109 189 1
0 111 190 1
0 113 189 1
0 115 189 1
0 118 191 1
0 121 191 1
0 1
0 6
0 2
0 3
0 7
OK
14 0
0
0 72 189 1
0 73 186 1
0 74 185 1
0 75 187 1
0 110 189 1
0 112 190 1
0 113 188 1
0 115 188 1
0 118 190 1
0 121 190 1
0 1
0 6
0 2
0 3
0 7
OK
15 0
0
0 73 189 1
0 73 185 1
0 74 184 1
0 75 186 1
0 111 189 1
0 113 190 1
0 113 187 1
0 115 187 1
0 118 189 1
0 121 189 1
0 1
0 6
0 2
0 3
0 7
OK
16 0
0
0 73 188 1
0 73 184 1
0 74 183 1
0 75 185 1
0 112 189 1
0 114 190 1
0 113 186 1
0 115 186 1
0 117 189 1
0 121 190 1
0 1
0 6
0 2
0 3
0 7
OK
17 0
0
0 73 187 1
0 73 183 1
0 74 182 1
0 75 184 1
0 113 189 1
0 114 189 1
0 113 185 1
0 115 185 1
0 116 189 1
0 121 189 1
0 1
0 6
0 2
0 3
0 7
OK
18 0
0
0 73 186 1
0 73 182 1
0 74 181 1
0 75 183 1
0 113 188 1
0 114 188 1
0 113 184 1
0 115 184 1
0 116 188 1
0 120 189 1
0 1
0 6
0 2
0 3
0 7
OK
19 0
0
0 73 185 1
0 73 181 1
0 74 180 1
0 75 182 1
0 113 187 1
0 114 187 1
0 113 183 1
0 115 183 1
0 116 187 1
0 119 189 1
0 1
0 6
0 2
0 3
0 7
OK
20 0
0
0 73 184 1
0 73 180 1
0 74 179 1
0 75 181 1
0 113 186 1
0 114 186 1
0 113 182 1
0 115 182 1
0 116 186 1
0 118 189 1
0 1
0 6
0 2
0 3
0 7
OK
21 0
0
0 73 183 1
0 73 179 1
0 74 178 1
0 75 180 1
0 113 185 1
0 114 185 1
0 113 181 1
0 115 181 1
0 116 185 1
0 117 189 1
0 1
0 6
0 2
0 3
0 7
OK
22 0
0
0 73 182 1
0 73 178 1
0 74 177 1
0 75 179 1
0 113 184 1
0 114 184 1
0 113 180 1
0 115 180 1
0 116 184 1
0 116 189 1
0 1
0 6
0 2
0 3
0 7
OK
23 0
0
0 73 181 1
0 73 177 1
0 74 176 1
0 75 178 1
0 113 183 1
0 114 183 1
0 113 179 1
0 115 179 1
0 116 183 1
0 116 188 1
0 1
0 6
0 2
0 3
0 7
OK
24 0
0
0 73 180 1
0 73 176 1
0 74 175 1
0 75 177 1
0 113 182 1
0 114 182 1
0 113 178 1
0 115 178 1
0 116 182 1
0 116 187 1
0 1
0 6
0 2
0 3
0 7
OK
25 0
0
0 73 179 1
0 73 175 1
0 74 174 1
0 75 176 1
0 113 181 1
0 114 181 1
0 113 177 1
0 115 177 1
0 116 181 1
0 116 186 1
0 1
0 6
0 2
0 3
0 7
OK
26 0
0
0 73 178 1
0 73 174 1
0 74 173 1
0 75 175 1
0 113 180 1
0 114 180 1
0 113 176 1
0 115 176 1
0 116 180 1
0 116 185 1
0 1
0 6
0 2
0 3
0 7
OK
27 0
0
0 73 177 1
0 73 173 1
0 74 172 1
0 75 174 1
0 113 179 1
0 114 179 1
0 113 175 1
0 115 175 1
0 116 179 1
0 116 184 1
0 1
0 6
0 2
0 3
0 7
OK
28 0
0
0 73 176 1
0 73 172 1
0 74 171 1
0 75 173 1
0 113 178 1
0 114 178 1
0 113 174 1
0 115 174 1
0 116 178 1
0 116 183 1
0 1
0 6
0 2
0 3
0 7
OK
29 0
1
106 99 195
0 73 175 1
0 73 171 1
0 74 170 1
0 75 172 1
0 113 177 1
0 114 177 1
0 113 173 1
0 115 173 1
0 116 177 1
0 116 182 1
0 1
0 6
0 2
0 3
0 7
OK
30 0
0
0 73 174 1
0 73 170 1
0 74 169 1
0 75 171 1
0 113 176 1
0 114 176 1
0 113 172 1
0 115 172 1
0 116 176 1
0 116 181 1
0 1
0 6
0 2
0 3
0 7
OK
31 0
0
0 73 173 1
0 73 169 1
0 74 168 1
0 75 170 1
0 113 175 1
0 114 175 1
0 113 171 1
0 115 171 1
0 116 175 1
0 116 180 1
0 1
0 6
0 2
0 3
0 7
OK
32 0
0
0 73 172 1
0 73 168 1
0 74 167 1
0 75 169 1
0 113 174 1
0 114 174 1
0 113 170 1
0 115 170 1
0 116 174 1
0 116 179 1
0 1
0 6
0 2
0 3
0 7
OK
33 0
0
0 73 171 1
0 73 167 1
0 74 166 1
0 75 168 1
0 113 173 1
0 114 173 1
0 113 169 1
0 115 169 1
0 116 173 1
0 116 178 1
0 1
0 6
0 2
0 3
0 7
OK
34 0
0
0 73 170 1
0 73 166 1
0 74 165 1
0 75 167 1
0 113 172 1
0 114 172 1
0 113 168 1
0 115 168 1
0 116 172 1
0 116 177 1
0 1
0 6
0 2
0 3
0 7
OK
35 0
0
0 73 169 1
0 73 165 1
0 74 164 1
0 75 166 1
0 113 171 1
0 114 171 1
0 113 167 1
0 115 167 1
0 116 171 1
0 116 176 1
0 1
0 6
0 2
0 3
0 7
OK
36 0
0
0 73 168 1
0 73 164 1
0 74 163 1
0 75 165 1
0 113 170 1
0 114 170 1
0 113 166 1
0 115 166 1
0 116 170 1
0 116 175 1
0 1
0 6
0 2
0 3
0 7
OK
37 0
1
29 117 192
0 73 167 1
0 73 163 1
0 74 162 1
0 75 164 1
0 113 169 1
0 114 169 1
0 113 165 1
0 115 165 1
0 116 169 1
0 116 174 1
0 1
0 6
0 2
0 3
0 7
OK
38 0
0
0 73 166 1
0 73 162 1
0 74 161 1
0 75 163 1
0 113 168 1
0 114 168 1
0 113 164 1
0 115 164 1
0 116 168 1
0 116 173 1
0 1
0 6
0 2
0 3
0 7
OK
39 0
0
0 73 165 1
0 73 161 1
0 74 160 1
0 75 162 1
0 113 167 1
0 114 167 1
0 113 163 1
0 115 163 1
0 116 167 1
0 116 172 1
0 1
0 6
0 2
0 3
0 7
OK
40 0
0
0 73 164 1
0 73 160 1
0 74 159 1
0 75 161 1
0 113 166 1
0 114 166 1
0 113 162 1
0 115 162 1
0 116 166 1
0 116 171 1
0 1
0 6
0 2
0 3
0 7
OK
41 0
0
0 73 163 1
0 73 159 1
0 74 158 1
0 75 160 1
0 113 165 1
0 114 165 1
0 113 161 1
0 115 161 1
0 116 165 1
0 116 170 1
0 1
0 6
0 2
0 3
0 7
OK
42 0
0
0 73 162 1
0 73 158 1
0 74 157 1
0 75 159 1
0 113 164 1
0 114 164 1
0 113 160 1
0 115 160 1
0 116 164 1
0 116 169 1
0 1
0 6
0 2
0 3
0 7
OK
43 0
0
0 73 161 1
0 73 157 1
0 74 156 1
0 75 158 1
0 113 163 1
0 114 163 1
0 113 159 1
0 115 159 1
0 116 163 1
0 116 168 1
0 1
0 6
0 2
0 3
0 7
OK
44 0
0
0 73 160 1
0 73 156 1
0 74 155 1
0 75 157 1
0 113 162 1
0 114 162 1
0 113 158 1
0 115 158 1
0 116 162 1
0 116 167 1
0 1
0 6
0 2
0 3
0 7
OK
45 0
0
0 73 159 1
0 73 155 1
0 74 154 1
0 75 156 1
0 113 161 1
0 114 161 1
0 113 157 1
0 115 157 1
0 116 161 1
0 116 166 1
0 1
0 6
0 2
0 3
0 7
OK
46 0
0
0 73 158 1
0 73 154 1
0 74 153 1
0 75 155 1
0 113 160 1
0 114 160 1
0 113 156 1
0 115 156 1
0 116 160 1
0 116 165 1
0 1
0 6
0 2
0 3
0 7
OK
47 0
0
0 73 157 1
0 73 153 1
0 74 152 1
0 75 154 1
0 113 159 1
0 114 159 1
0 113 155 1
0 115 155 1
0 116 159 1
0 116 164 1
0 1
0 6
0 2
0 3
0 7
OK
48 0
0
0 73 156 1
0 73 152 1
0 74 151 1
0 75 153 1
0 113 158 1
0 114 158 1
0 113 154 1
0 115 154 1
0 116 158 1
0 116 163 1
0 1
0 6
0 2
0 3
0 7
OK
49 0
0
0 73 155 1
0 73 151 1
0 74 150 1
0 75 152 1
0 113 157 1
0 114 157 1
0 113 153 1
0 115 153 1
0 116 157 1
0 116 162 1
0 1
0 6
0 2
0 3
0 7
OK
50 0
0
0 73 154 1
0 73 150 1
0 74 149 1
0 75 151 1
0 113 156 1
0 114 156 1
0 113 152 1
0 115 152 1
0 116 156 1
0 116 161 1
0 1
0 6
0 2
0 3
0 7
OK
51 0
0
0 73 153 1
0 73 149 1
0 74 148 1
0 75 150 1
0 113 155 1
0 114 155 1
0 113 151 1
0 115 151 1
0 116 155 1
0 116 160 1
0 1
0 6
0 2
0 3
0 7
OK
52 0
0
0 73 152 1
0 73 148 1
0 74 147 1
0 75 149 1
0 113 154 1
0 114 154 1
0 113 150 1
0 115 150 1
0 116 154 1
0 116 159 1
0 1
0 6
0 2
0 3
0 7
OK
53 0
0
0 73 151 1
0 73 147 1
0 74 146 1
0 75 148 1
0 113 153 1
0 114 153 1
0 113 149 1
0 115 149 1
0 116 153 1
0 116 158 1
0 1
0 6
0 2
0 3
0 7
OK
54 0
0
0 74 151 1
0 73 146 1
0 74 145 1
0 75 147 1
0 113 152 1
0 114 152 1
0 113 148 1
0 115 148 1
0 116 152 1
0 116 157 1
0 1
0 6
0 2
0 3
0 7
OK
55 0
0
0 75 151 1
0 73 145 1
0 74 144 1
0 75 146 1
0 113 151 1
0 114 151 1
0 113 147 1
0 115 147 1
0 116 151 1
0 116 156 1
0 1
0 6
0 2
0 3
0 7
OK
56 0
0
0 76 151 1
0 73 144 1
0 74 143 1
0 75 145 1
0 113 150 1
0 114 150 1
0 113 146 1
0 115 146 1
0 116 150 1
0 116 155 1
0 1
0 6
0 2
0 3
0 7
OK
57 0
0
0 77 151 1
0 73 143 1
0 74 142 1
0 75 144 1
0 113 149 1
0 114 149 1
0 113 145 1
0 115 145 1
0 116 149 1
0 116 154 1
0 1
0 6
0 2
0 3
0 7
OK
58 0
0
0 78 151 1
0 73 142 1
0 74 141 1
0 75 143 1
0 113 148 1
0 114 148 1
0 113 144 1
0 115 144 1
0 116 148 1
0 116 153 1
0 1
0 6
0 2
0 3
0 7
OK
59 0
0
0 79 151 1
0 73 141 1
0 74 140 1
0 75 142 1
0 113 147 1
0 114 147 1
0 113 143 1
0 115 143 1
0 116 147 1
0 116 152 1
0 1
0 6
0 2
0 3
0 7
OK
60 0
2
82 26 181
156 91 189
0 80 151 1
0 73 140 1
0 74 139 1
0 75 141 1
0 113 146 1
0 114 146 1
0 113 142 1
0 115 142 1
0 116 146 1
0 116 151 1
0 1
0 6
0 2
0 3
0 7
OK
61 0
0
0 81 151 1
0 73 139 1
0 74 138 1
0 75 140 1
0 113 145 1
0 114 145 1
0 113 141 1
0 115 141 1
0 116 145 1
0 116 150 1
0 1
0 6
0 2
0 3
0 7
OK
62 0
0
0 82 151 1
0 73 138 1
0 74 137 1
0 75 139 1
0 113 144 1
0 114 144 1
0 113 140 1
0 115 140 1
0 116 144 1
0 116 149 1
0 1
0 6
0 2
0 3
0 7
OK
63 0
0
0 83 151 1
0 73 137 1
0 74 136 1
0 75 138 1
0 113 143 1
0 114 143 1
0 113 139 1
0 115 139 1
0 116 143 1
0 116 148 1
0 1
0 6
0 2
0 3
0 7
OK
64 0
0
0 84 151 1
0 73 136 1
0 74 135 1
0 75 137 1
0 113 142 1
0 114 142 1
0 113 138 1
0 115 138 1
0 116 142 1
0 116 147 1
0 1
0 6
0 2
0 3
0 7
OK
65 0
0
0 85 151 1
0 73 135 1
0 74 134 1
0 75 136 1
0 113 141 1
0 114 141 1
0 113 137 1
0 115 137 1
0 116 141 1
0 116 146 1
0 1
0 6
0 2
0 3
0 7
OK
66 0
0
0 86 151 1
0 73 134 1
0 74 133 1
0 75 135 1
0 113 140 1
0 114 140 1
0 113 136 1
0 115 136 1
0 116 140 1
0 116 145 1
0 1
0 6
0 2
0 3
0 7
OK
67 0
0
0 87 151 1
0 73 133 1
0 74 132 1
0 75 134 1
0 113 139 1
0 114 139 1
0 113 135 1
0 115 135 1
0 116 139 1
0 116 144 1
0 1
0 6
0 2
0 3
0 7
OK
68 0
0
0 88 151 1
0 73 132 1
0 74 131 1
0 75 133 1
0 113 138 1
0 114 138 1
0 113 134 1
0 115 134 1
0 116 138 1
0 116 143 1
0 1
0 6
0 2
0 3
0 7
OK
69 0
0
0 89 151 1
0 73 131 1
0 74 130 1
0 75 132 1
0 113 137 1
0 114 137 1
0 113 133 1
0 115 135 1
0 116 137 1
0 116 142 1
0 1
0 6
0 2
0 3
0 7
OK
70 0
0
0 90 151 1
0 73 130 1
0 74 129 1
0 75 131 1
0 113 136 1
0 114 136 1
0 112 133 1
0 115 134 1
0 116 136 1
0 116 141 1
0 1
0 6
0 2
0 3
0 7
OK
71 0
0
0 91 151 1
0 73 129 1
0 74 128 1
0 75 130 1
0 113 135 1
0 114 135 1
0 111 133 1
0 115 133 1
0 116 135 1
0 116 140 1
0 1
0 6
0 2
0 3
0 7
OK
72 0
0
0 92 151 1
0 73 128 1
0 74 127 1
0 75 129 1
0 113 134 1
0 114 136 1
0 110 133 1
0 115 134 1
0 116 136 1
0 116 139 1
0 1
0 6
0 2
0 3
0 7
OK
73 0
0
0 93 151 1
0 72 128 1
0 74 126 1
0 75 128 1
0 113 133 1
0 114 135 1
0 109 133 1
0 115 135 1
0 116 135 1
0 116 138 1
0 1
0 6
0 2
0 3
0 7
OK
74 0
0
0 94 151 1
0 71 128 1
0 74 125 1
0 75 127 1
0 112 133 1
0 114 134 1
0 108 133 1
0 115 134 1
0 116 136 1
0 116 137 1
0 1
0 6
0 2
0 3
0 7
OK
75 0
0
0 95 151 1
0 70 128 1
0 74 124 1
0 75 126 1
0 111 133 1
0 113 134 1
0 107 133 1
0 115 133 1
0 116 135 1
0 115 137 1
0 1
0 6
0 2
0 3
0 7
OK
76 0
0
0 96 151 1
0 69 128 1
0 74 123 1
0 75 125 1
0 110 133 1
0 112 134 1
0 106 133 1
0 114 133 1
0 116 134 1
0 115 136 1
0 1
0 6
0 2
0 3
0 7
OK
77 0
0
0 97 151 1
0 68 128 1
0 74 122 1
0 75 124 1
0 109 133 1
0 111 134 1
0 105 133 1
0 113 133 1
0 115 134 1
0 115 135 1
0 1
0 6
0 2
0 3
0 7
OK
78 0
0
0 98 151 1
0 67 128 1
0 74 121 1
0 75 123 1
0 108 133 1
0 110 134 1
0 104 133 1
0 112 133 1
0 114 134 1
0 114 135 1
0 1
0 6
0 2
0 3
0 7
OK
79 0
0
0 99 151 1
0 66 128 1
0 74 120 1
0 75 122 1
0 107 133 1
0 109 134 1
0 103 133 1
0 111 133 1
0 113 134 1
0 113 135 1
0 1
0 6
0 2
0 3
0 7
OK
80 0
0
0 100 151 1
0 65 128 1
0 74 119 1
0 75 121 1
0 106 133 1
0 108 134 1
0 102 133 1
0 110 133 1
0 112 134 1
0 112 135 1
0 1
0 6
0 2
0 3
0 7
OK
81 0
0
0 101 151 1
0 65 127 1
0 74 118 1
0 75 120 1
0 105 133 1
0 107 134 1
0 101 133 1
0 109 133 1
0 111 134 1
0 111 135 1
0 1
0 6
0 2
0 3
0 7
OK
82 0
0
0 102 151 1
0 64 127 1
0 74 117 1
0 75 119 1
0 104 133 1
0 106 134 1
0 100 133 1
0 108 133 1
0 110 134 1
0 110 135 1
0 1
0 6
0 2
0 3
0 7
OK
83 0
0
0 103 151 1
0 64 126 1
0 74 116 1
0 75 118 1
0 103 133 1
0 105 134 1
0 99 133 1
0 107 133 1
0 109 134 1
0 109 135 1
0 1
0 6
0 2
0 3
0 7
OK
84 0
0
0 104 151 1
0 64 125 1
0 74 115 1
0 75 117 1
0 102 133 1
0 104 134 1
0 98 133 1
0 106 133 1
0 108 134 1
0 108 135 1
0 1
0 6
0 2
0 3
0 7
OK
85 0
0
0 105 151 1
0 63 125 1
0 74 114 1
0 75 116 1
0 101 133 1
0 103 134 1
0 97 133 1
0 105 133 1
0 107 134 1
0 107 135 1
0 1
0 6
0 2
0 3
0 7
OK
86 0
1
82 115 189
0 106 151 1
0 62 125 1
0 74 113 1
0 75 115 1
0 100 133 1
0 102 134 1
0 96 133 1
0 104 133 1
0 106 134 1
0 106 135 1
0 1
0 6
0 2
0 3
0 7
OK
87 0
0
0 107 151 1
0 61 125 1
0 74 112 1
0 75 114 1
0 99 133 1
0 101 134 1
0 95 133 1
0 103 133 1
0 105 134 1
0 105 135 1
0 1
0 6
0 2
0 3
0 7
OK
88 0
0
0 108 151 1
0 60 125 1
0 74 111 1
0 75 113 1
0 98 133 1
0 100 134 1
0 94 133 1
0 102 133 1
0 104 134 1
0 104 135 1
0 1
0 6
0 2
0 3
0 7
OK
89 0
0
0 109 151 1
0 59 125 1
0 74 110 1
0 75 112 1
0 97 133 1
0 99 134 1
0 93 133 1
0 101 133 1
0 103 134 1
0 103 135 1
0 1
0 6
0 2
0 3
0 7
OK
90 0
0
0 110 151 1
0 58 125 1
0 74 109 1
0 75 111 1
0 96 133 1
0 98 134 1
0 92 133 1
0 100 133 1
0 102 134 1
0 102 135 1
0 1
0 6
0 2
0 3
0 7
OK
91 0
0
0 111 151 1
0 57 125 1
0 74 108 1
0 75 110 1
0 95 133 1
0 97 134 1
0 91 133 1
0 99 133 1
0 101 134 1
0 101 135 1
0 1
0 6
0 2
0 3
0 7
OK
92 0
2
142 97 194
89 63 198
0 112 151 1
0 56 125 1
0 74 107 1
0 75 109 1
0 94 133 1
0 96 134 1
0 90 133 1
0 98 133 1
0 100 134 1
0 100 135 1
0 1
0 6
0 2
0 3
0 7
OK
93 0
0
0 113 151 1
0 55 125 1
0 74 106 1
0 75 108 1
0 93 133 1
0 95 134 1
0 89 133 1
0 97 133 1
0 99 134 1
0 99 135 1
0 1
0 6
0 2
0 3
0 7
OK
94 0
0
0 113 150 1
0 54 125 1
0 74 105 1
0 75 107 1
0 92 133 1
0 94 134 1
0 88 133 1
0 96 133 1
0 98 134 1
0 98 135 1
0 1
0 6
0 2
0 3
0 7
OK
95 0
0
0 113 149 1
0 53 125 1
0 74 104 1
0 75 106 1
0 91 133 1
0 93 134 1
0 87 133 1
0 95 133 1
0 97 134 1
0 97 135 1
0 1
0 6
0 2
0 3
0 7
OK
96 0
0
0 113 148 1
0 52 125 1
0 74 103 1
0 75 105 1
0 90 133 1
0 92 134 1
0 86 133 1
0 94 133 1
0 96 134 1
0 96 135 1
0 1
0 6
0 2
0 3
0 7
OK
97 0
0
0 113 147 1
0 51 125 1
0 74 102 1
0 75 104 1
0 89 133 1
0 91 134 1
0 85 133 1
0 93 133 1
0 95 134 1
0 95 135 1
0 1
0 6
0 2
0 3
0 7
OK
98 0
0
0 114 147 1
0 50 125 1
0 74 101 1
0 75 103 1
0 88 133 1
0 90 134 1
0 84 133 1
0 92 133 1
0 94 134 1
0 94 135 1
0 1
0 6
0 2
0 3
0 7
OK
99 0
0
0 115 147 1
0 50 124 1
0 74 100 1
0 75 102 1
0 87 133 1
0 89 134 1
0 84 132 1
0 91 133 1
0 93 134 1
0 93 135 1
0 1
0 6
0 2
0 3
0 7
OK
100 0
0
0 116 147 1
0 50 123 1
0 74 99 1
0 75 101 1
0 86 133 1
0 88 134 1
0 84 131 1
0 90 133 1
0 92 134 1
0 92 135 1
0 1
0 6
0 2
0 3
0 7
OK
101 0
1
145 63 194
0 117 147 1
0 50 122 1
0 73 99 1
0 75 100 1
0 85 133 1
0 87 134 1
0 84 130 1
0 89 133 1
0 91 134 1
0 91 135 1
0 1
0 6
0 2
0 3
0 7
OK
102 0
0
0 118 147 1
0 50 121 1
0 72 99 1
0 74 100 1
0 84 133 1
0 86 134 1
0 84 129 1
0 88 133 1
0 90 134 1
0 90 135 1
0 1
0 6
0 2
0 3
0 7
OK
103 0
0
0 119 147 1
0 49 121 1
0 71 99 1
0 73 100 1
0 84 132 1
0 85 134 1
0 84 128 1
0 87 133 1
0 89 134 1
0 89 135 1
0 1
0 6
0 2
0 3
0 7
OK
104 0
0
0 120 147 1
0 48 121 1
0 71 98 1
0 72 100 1
0 84 131 1
0 85 133 1
0 84 127 1
0 87 134 1
0 88 134 1
0 89 136 1
0 1
0 6
0 2
0 3
0 7
OK
105 0
0
0 121 147 1
0 47 121 1
0 71 97 1
0 72 99 1
0 84 130 1
0 84 133 1
0 84 126 1
0 86 134 1
0 88 133 1
0 89 135 1
0 1
0 6
0 2
0 3
0 7
OK
106 0
1
125 42 181
0 122 147 1
0 46 121 1
0 71 96 1
0 71 99 1
0 84 129 1
0 84 132 1
0 84 125 1
0 85 134 1
0 87 133 1
0 89 134 1
0 1
0 6
0 2
0 3
0 7
OK
107 0
0
0 123 147 1
0 45 121 1
0 71 95 1
0 71 98 1
0 84 128 1
0 84 131 1
0 84 124 1
0 85 133 1
0 87 134 1
0 89 135 1
0 1
0 6
0 2
0 3
0 7
OK
108 0
0
0 124 147 1
0 44 121 1
0 71 94 1
0 71 97 1
0 84 127 1
0 84 130 1
0 84 123 1
0 84 133 1
0 86 134 1
0 89 134 1
0 1
0 6
0 2
0 3
0 7
OK
109 0
0
0 125 147 1
0 43 121 1
0 71 93 1
0 71 96 1
0 84 126 1
0 84 129 1
0 84 122 1
0 84 132 1
0 85 134 1
0 89 133 1
0 1
0 6
0 2
0 3
0 7
OK
110 0
0
1 125 147 1
0 42 121 1
0 71 92 1
0 71 95 1
0 84 125 1
0 84 128 1
0 84 121 1
0 84 131 1
0 85 133 1
0 88 133 1
0 1
0 6
0 2
0 3
0 7
OK
111 0
0
1 124 147 1
0 41 121 1
0 71 91 1
0 71 94 1
0 84 124 1
0 84 127 1
0 84 120 1
0 84 130 1
0 84 133 1
0 88 134 1
0 1
0 6
0 2
0 3
0 7
OK
112 0
0
1 123 147 1
0 40 121 1
0 71 90 1
0 71 93 1
0 84 123 1
0 84 126 1
0 84 119 1
0 84 129 1
0 84 132 1
0 88 133 1
0 1
0 6
0 2
0 3
0 7
OK
113 0
0
1 122 147 1
0 39 121 1
0 71 89 1
0 71 92 1
0 84 122 1
0 84 125 1
0 84 118 1
0 84 128 1
0 84 131 1
0 87 133 1
0 1
0 6
0 2
0 3
0 7
OK
114 0
0
1 121 147 1
0 38 121 1
0 71 88 1
0 71 91 1
0 84 121 1
0 84 124 1
0 84 117 1
0 84 127 1
0 84 130 1
0 86 133 1
0 1
0 6
0 2
0 3
0 7
OK
115 0
0
1 120 147 1
0 37 121 1
0 71 87 1
0 71 90 1
0 84 120 1
0 84 123 1
0 84 116 1
0 84 126 1
0 84 129 1
0 85 133 1
0 1
0 6
0 2
0 3
0 7
OK
116 0
0
1 119 147 1
0 36 121 1
0 70 87 1
0 71 89 1
0 84 119 1
0 84 122 1
0 84 115 1
0 84 125 1
0 84 128 1
0 84 133 1
0 1
0 6
0 2
0 3
0 7
OK
117 0
0
1 118 147 1
0 35 121 1
0 69 87 1
0 71 88 1
0 84 118 1
0 84 121 1
0 84 114 1
0 84 124 1
0 84 127 1
0 84 132 1
0 1
0 6
0 2
0 3
0 7
OK
118 0
1
48 163 188
1 117 147 1
0 35 120 1
0 68 87 1
0 71 87 1
0 84 117 1
0 84 120 1
0 84 113 1
0 84 123 1
0 84 126 1
0 84 131 1
0 1
0 6
0 2
0 3
0 7
OK
